Using pre-set license
Built from '2021.2/staging' branch; Version is '2021.2.10f1 (ee872746220e) revision 15632167'; Using compiler version '192829333'; Build Type 'Release'
OS: 'Windows 11  (10.0.22000) 64bit Professional' Language: 'en' Physical Memory: 65423 MB
BatchMode: 1, IsHumanControllingUs: 0, StartBugReporterOnCrash: 0, Is64bit: 1, IsPro: 0

COMMAND LINE ARGUMENTS:
C:\ProgramFiles\Unity Hub\Editor\2021.2.10f1\Editor\Unity.exe
-adb2
-batchMode
-noUpm
-name
AssetImportWorker1
-projectPath
C:/Users/Reg_USER/Documents/projects/code/unity/SimpleTraffic
-logFile
Logs/AssetImportWorker1.log
-srvPort
65005
Successfully changed project path to: C:/Users/Reg_USER/Documents/projects/code/unity/SimpleTraffic
C:/Users/Reg_USER/Documents/projects/code/unity/SimpleTraffic
[UnityMemory] Configuration Parameters - Can be set up in boot.config
    "memorysetup-bucket-allocator-granularity=16"
    "memorysetup-bucket-allocator-bucket-count=8"
    "memorysetup-bucket-allocator-block-size=33554432"
    "memorysetup-bucket-allocator-block-count=8"
    "memorysetup-main-allocator-block-size=16777216"
    "memorysetup-thread-allocator-block-size=16777216"
    "memorysetup-gfx-main-allocator-block-size=16777216"
    "memorysetup-gfx-thread-allocator-block-size=16777216"
    "memorysetup-cache-allocator-block-size=4194304"
    "memorysetup-typetree-allocator-block-size=2097152"
    "memorysetup-profiler-bucket-allocator-granularity=16"
    "memorysetup-profiler-bucket-allocator-bucket-count=8"
    "memorysetup-profiler-bucket-allocator-block-size=33554432"
    "memorysetup-profiler-bucket-allocator-block-count=8"
    "memorysetup-profiler-allocator-block-size=16777216"
    "memorysetup-profiler-editor-allocator-block-size=1048576"
    "memorysetup-temp-allocator-size-main=16777216"
    "memorysetup-job-temp-allocator-block-size=2097152"
    "memorysetup-job-temp-allocator-block-size-background=1048576"
    "memorysetup-job-temp-allocator-reduction-small-platforms=262144"
    "memorysetup-temp-allocator-size-background-worker=32768"
    "memorysetup-temp-allocator-size-job-worker=262144"
    "memorysetup-temp-allocator-size-preload-manager=33554432"
    "memorysetup-temp-allocator-size-nav-mesh-worker=65536"
    "memorysetup-temp-allocator-size-audio-worker=65536"
    "memorysetup-temp-allocator-size-cloud-worker=32768"
    "memorysetup-temp-allocator-size-gi-baking-worker=262144"
    "memorysetup-temp-allocator-size-gfx=262144"
Refreshing native plugins compatible for Editor in 38.42 ms, found 2 plugins.
Preloading 0 native plugins for Editor in 0.00 ms.
Initialize engine version: 2021.2.10f1 (ee872746220e)
[Subsystems] Discovering subsystems at path C:/ProgramFiles/Unity Hub/Editor/2021.2.10f1/Editor/Data/Resources/UnitySubsystems
[Subsystems] Discovering subsystems at path C:/Users/Reg_USER/Documents/projects/code/unity/SimpleTraffic/Assets
GfxDevice: creating device client; threaded=0; jobified=0
Direct3D:
    Version:  Direct3D 11.0 [level 11.1]
    Renderer: NVIDIA GeForce GTX 1080 (ID=0x1b80)
    Vendor:   NVIDIA
    VRAM:     8079 MB
    Driver:   30.0.15.1179
Initialize mono
Mono path[0] = 'C:/ProgramFiles/Unity Hub/Editor/2021.2.10f1/Editor/Data/Managed'
Mono path[1] = 'C:/ProgramFiles/Unity Hub/Editor/2021.2.10f1/Editor/Data/MonoBleedingEdge/lib/mono/unityjit-win32'
Mono config path = 'C:/ProgramFiles/Unity Hub/Editor/2021.2.10f1/Editor/Data/MonoBleedingEdge/etc'
Using monoOptions --debugger-agent=transport=dt_socket,embedding=1,server=y,suspend=n,address=127.0.0.1:56896
Begin MonoManager ReloadAssembly
Registering precompiled unity dll's ...
Register platform support module: C:/ProgramFiles/Unity Hub/Editor/2021.2.10f1/Editor/Data/PlaybackEngines/WebGLSupport/UnityEditor.WebGL.Extensions.dll
Register platform support module: C:/ProgramFiles/Unity Hub/Editor/2021.2.10f1/Editor/Data/PlaybackEngines/MacStandaloneSupport/UnityEditor.OSXStandalone.Extensions.dll
Register platform support module: C:/ProgramFiles/Unity Hub/Editor/2021.2.10f1/Editor/Data/PlaybackEngines/WindowsStandaloneSupport/UnityEditor.WindowsStandalone.Extensions.dll
Register platform support module: C:/ProgramFiles/Unity Hub/Editor/2021.2.10f1/Editor/Data/PlaybackEngines/LinuxStandaloneSupport/UnityEditor.LinuxStandalone.Extensions.dll
Registered in 0.004460 seconds.
Native extension for LinuxStandalone target not found
Native extension for WindowsStandalone target not found
Native extension for OSXStandalone target not found
Native extension for WebGL target not found
Refreshing native plugins compatible for Editor in 30.32 ms, found 2 plugins.
Preloading 0 native plugins for Editor in 0.00 ms.
Mono: successfully reloaded assembly
- Completed reload, in  0.383 seconds
Domain Reload Profiling:
	ReloadAssembly (384ms)
		BeginReloadAssembly (45ms)
			ExecutionOrderSort (0ms)
			DisableScriptedObjects (0ms)
			BackupInstance (0ms)
			ReleaseScriptingObjects (0ms)
			CreateAndSetChildDomain (0ms)
		EndReloadAssembly (285ms)
			LoadAssemblies (43ms)
			RebuildTransferFunctionScriptingTraits (0ms)
			SetupTypeCache (66ms)
			ReleaseScriptCaches (0ms)
			RebuildScriptCaches (19ms)
			SetupLoadedEditorAssemblies (165ms)
				LogAssemblyErrors (0ms)
				InitializePlatformSupportModulesInManaged (15ms)
				SetLoadedEditorAssemblies (0ms)
				RefreshPlugins (30ms)
				BeforeProcessingInitializeOnLoad (1ms)
				ProcessInitializeOnLoadAttributes (89ms)
				ProcessInitializeOnLoadMethodAttributes (30ms)
				AfterProcessingInitializeOnLoad (0ms)
				EditorAssembliesLoaded (0ms)
			ExecutionOrderSort2 (0ms)
			AwakeInstancesAfterBackupRestoration (0ms)
Platform modules already initialized, skipping
Registering precompiled user dll's ...
Registered in 0.002373 seconds.
Begin MonoManager ReloadAssembly
Native extension for LinuxStandalone target not found
Native extension for WindowsStandalone target not found
Native extension for OSXStandalone target not found
Native extension for WebGL target not found
Refreshing native plugins compatible for Editor in 0.56 ms, found 2 plugins.
Preloading 0 native plugins for Editor in 0.00 ms.
Package Manager log level set to [2]
Mono: successfully reloaded assembly
- Completed reload, in  0.659 seconds
Domain Reload Profiling:
	ReloadAssembly (659ms)
		BeginReloadAssembly (82ms)
			ExecutionOrderSort (0ms)
			DisableScriptedObjects (4ms)
			BackupInstance (0ms)
			ReleaseScriptingObjects (0ms)
			CreateAndSetChildDomain (16ms)
		EndReloadAssembly (507ms)
			LoadAssemblies (55ms)
			RebuildTransferFunctionScriptingTraits (0ms)
			SetupTypeCache (113ms)
			ReleaseScriptCaches (0ms)
			RebuildScriptCaches (31ms)
			SetupLoadedEditorAssemblies (281ms)
				LogAssemblyErrors (0ms)
				InitializePlatformSupportModulesInManaged (11ms)
				SetLoadedEditorAssemblies (0ms)
				RefreshPlugins (1ms)
				BeforeProcessingInitializeOnLoad (45ms)
				ProcessInitializeOnLoadAttributes (136ms)
				ProcessInitializeOnLoadMethodAttributes (83ms)
				AfterProcessingInitializeOnLoad (4ms)
				EditorAssembliesLoaded (0ms)
			ExecutionOrderSort2 (0ms)
			AwakeInstancesAfterBackupRestoration (4ms)
Platform modules already initialized, skipping
========================================================================
Worker process is ready to serve import requests
Launched and connected shader compiler UnityShaderCompiler.exe after 0.03 seconds
Refreshing native plugins compatible for Editor in 0.63 ms, found 2 plugins.
Preloading 0 native plugins for Editor in 0.00 ms.
Unloading 2203 Unused Serialized files (Serialized files now loaded: 0)
Unloading 55 unused Assets / (56.6 KB). Loaded Objects now: 2642.
Memory consumption went from 86.6 MB to 86.5 MB.
Total: 4.928100 ms (FindLiveObjects: 0.154500 ms CreateObjectMapping: 0.044300 ms MarkObjects: 4.675500 ms  DeleteObjects: 0.053200 ms)

AssetImportParameters requested are different than current active one (requested -> active):
  custom:video-decoder-ogg-theora: a1e56fd34408186e4bbccfd4996cb3dc -> 
  custom:container-muxer-webm: aa71ff27fc2769a1b78a27578f13a17b -> 
  custom:container-demuxer-webm: 4f35f7cbe854078d1ac9338744f61a02 -> 
  custom:video-encoder-webm-vp8: eb34c28f22e8b96e1ab97ce403110664 -> 
  custom:audio-encoder-webm-vorbis: bf7c407c2cedff20999df2af8eb42d56 -> 
  custom:framework-win-MediaFoundation: 216162199b28c13a410421893ffa2e32 -> 
  custom:container-demuxer-ogg: 62fdf1f143b41e24485cea50d1cbac27 -> 
  custom:video-decoder-webm-vp8: 9c59270c3fd7afecdb556c50c9e8de78 -> 
  custom:audio-decoder-ogg-vorbis: bf7c407c2cedff20999df2af8eb42d56 -> 
========================================================================
Received Import Request.
  Time since last request: 688386.441908 seconds.
  path: Assets/Demo/Demo.unity
  artifactKey: Guid(2fe039f3273c448c78527b7acb60f590) Importer(815301076,1909f56bfc062723c751e8b465ee728b)
Start importing Assets/Demo/Demo.unity using Guid(2fe039f3273c448c78527b7acb60f590) Importer(815301076,1909f56bfc062723c751e8b465ee728b)  -> (artifact id: 'c5a3208fce320e971c80515f53fa2df3') in 0.014498 seconds 
========================================================================
Received Prepare
Registering precompiled user dll's ...
Registered in 0.002265 seconds.
Begin MonoManager ReloadAssembly
Native extension for LinuxStandalone target not found
Native extension for WindowsStandalone target not found
Native extension for OSXStandalone target not found
Native extension for WebGL target not found
Refreshing native plugins compatible for Editor in 0.53 ms, found 2 plugins.
Preloading 0 native plugins for Editor in 0.00 ms.
Mono: successfully reloaded assembly
- Completed reload, in  0.662 seconds
Domain Reload Profiling:
	ReloadAssembly (662ms)
		BeginReloadAssembly (98ms)
			ExecutionOrderSort (0ms)
			DisableScriptedObjects (6ms)
			BackupInstance (0ms)
			ReleaseScriptingObjects (0ms)
			CreateAndSetChildDomain (28ms)
		EndReloadAssembly (499ms)
			LoadAssemblies (51ms)
			RebuildTransferFunctionScriptingTraits (0ms)
			SetupTypeCache (120ms)
			ReleaseScriptCaches (1ms)
			RebuildScriptCaches (25ms)
			SetupLoadedEditorAssemblies (273ms)
				LogAssemblyErrors (0ms)
				InitializePlatformSupportModulesInManaged (12ms)
				SetLoadedEditorAssemblies (0ms)
				RefreshPlugins (1ms)
				BeforeProcessingInitializeOnLoad (38ms)
				ProcessInitializeOnLoadAttributes (133ms)
				ProcessInitializeOnLoadMethodAttributes (83ms)
				AfterProcessingInitializeOnLoad (6ms)
				EditorAssembliesLoaded (0ms)
			ExecutionOrderSort2 (0ms)
			AwakeInstancesAfterBackupRestoration (4ms)
Platform modules already initialized, skipping
Refreshing native plugins compatible for Editor in 1.01 ms, found 2 plugins.
Preloading 0 native plugins for Editor in 0.00 ms.
Unloading 2195 Unused Serialized files (Serialized files now loaded: 0)
Unloading 46 unused Assets / (25.6 KB). Loaded Objects now: 2645.
Memory consumption went from 86.3 MB to 86.3 MB.
Total: 4.554700 ms (FindLiveObjects: 0.154500 ms CreateObjectMapping: 0.044900 ms MarkObjects: 4.334000 ms  DeleteObjects: 0.020600 ms)

AssetImportParameters requested are different than current active one (requested -> active):
  custom:video-decoder-ogg-theora: a1e56fd34408186e4bbccfd4996cb3dc -> 
  custom:container-muxer-webm: aa71ff27fc2769a1b78a27578f13a17b -> 
  custom:container-demuxer-webm: 4f35f7cbe854078d1ac9338744f61a02 -> 
  custom:video-encoder-webm-vp8: eb34c28f22e8b96e1ab97ce403110664 -> 
  custom:audio-encoder-webm-vorbis: bf7c407c2cedff20999df2af8eb42d56 -> 
  custom:framework-win-MediaFoundation: 216162199b28c13a410421893ffa2e32 -> 
  custom:container-demuxer-ogg: 62fdf1f143b41e24485cea50d1cbac27 -> 
  custom:video-decoder-webm-vp8: 9c59270c3fd7afecdb556c50c9e8de78 -> 
  custom:audio-decoder-ogg-vorbis: bf7c407c2cedff20999df2af8eb42d56 -> 
========================================================================
Received Import Request.
  Time since last request: 255.331913 seconds.
  path: Assets/Demo/Materials/DevTexture_Grey02.mat
  artifactKey: Guid(28469e026d97d496e9e92069057e5984) Importer(815301076,1909f56bfc062723c751e8b465ee728b)
Start importing Assets/Demo/Materials/DevTexture_Grey02.mat using Guid(28469e026d97d496e9e92069057e5984) Importer(815301076,1909f56bfc062723c751e8b465ee728b)  -> (artifact id: '76c6796bde16cc6ada937c6149a22661') in 0.082708 seconds 
========================================================================
Received Import Request.
  Time since last request: 0.000015 seconds.
  path: Assets/Demo/Materials/TrafficBulb.mat
  artifactKey: Guid(39ab85f7cc3c445f09e69775443adb53) Importer(815301076,1909f56bfc062723c751e8b465ee728b)
Start importing Assets/Demo/Materials/TrafficBulb.mat using Guid(39ab85f7cc3c445f09e69775443adb53) Importer(815301076,1909f56bfc062723c751e8b465ee728b)  -> (artifact id: '3e5b9a372c565fada53a5d9f449976a4') in 0.029050 seconds 
========================================================================
Received Import Request.
  Time since last request: 3.134347 seconds.
  path: Assets/Demo/Textures/DevTexture_Grey03.png
  artifactKey: Guid(86e53e096f9c249c1b14b818412c6a2b) Importer(815301076,1909f56bfc062723c751e8b465ee728b)
Start importing Assets/Demo/Textures/DevTexture_Grey03.png using Guid(86e53e096f9c249c1b14b818412c6a2b) Importer(815301076,1909f56bfc062723c751e8b465ee728b)  -> (artifact id: '3ef8ae72dc4587c6f843b731c0457c10') in 0.014911 seconds 
========================================================================
Received Import Request.
  Time since last request: 10.431592 seconds.
  path: Assets/SimpleTraffic/AgentPrefabs/Train.prefab
  artifactKey: Guid(70009b9623f3b418ebf52b65ffabc07b) Importer(815301076,1909f56bfc062723c751e8b465ee728b)
Start importing Assets/SimpleTraffic/AgentPrefabs/Train.prefab using Guid(70009b9623f3b418ebf52b65ffabc07b) Importer(815301076,1909f56bfc062723c751e8b465ee728b)  -> (artifact id: '5d149c85cb57a20b39d9f4dbb9e7dab3') in 0.021223 seconds 
========================================================================
Received Import Request.
  Time since last request: 2.166291 seconds.
  path: Assets/SimpleTraffic/NavSectionPrefabs/Road_Straight.prefab
  artifactKey: Guid(2fae821b444904e988358333371dbee7) Importer(815301076,1909f56bfc062723c751e8b465ee728b)
Start importing Assets/SimpleTraffic/NavSectionPrefabs/Road_Straight.prefab using Guid(2fae821b444904e988358333371dbee7) Importer(815301076,1909f56bfc062723c751e8b465ee728b)  -> (artifact id: '0c090e6ffa34889128ec6ad516befdc1') in 0.013856 seconds 
========================================================================
Received Import Request.
  Time since last request: 0.000016 seconds.
  path: Assets/SimpleTraffic/NavSectionPrefabs/Track_Corner.prefab
  artifactKey: Guid(e2d97dcf5b4a945fe93ac26272a412a3) Importer(815301076,1909f56bfc062723c751e8b465ee728b)
Start importing Assets/SimpleTraffic/NavSectionPrefabs/Track_Corner.prefab using Guid(e2d97dcf5b4a945fe93ac26272a412a3) Importer(815301076,1909f56bfc062723c751e8b465ee728b)  -> (artifact id: '6d27d1996a6806bef27536085be7743d') in 0.013091 seconds 
========================================================================
Received Import Request.
  Time since last request: 0.000018 seconds.
  path: Assets/SimpleTraffic/NavSectionPrefabs/Road_StraightShort.prefab
  artifactKey: Guid(847f27f01186543348cacb2b5664f506) Importer(815301076,1909f56bfc062723c751e8b465ee728b)
Start importing Assets/SimpleTraffic/NavSectionPrefabs/Road_StraightShort.prefab using Guid(847f27f01186543348cacb2b5664f506) Importer(815301076,1909f56bfc062723c751e8b465ee728b)  -> (artifact id: 'd52b173b6d1981f018b7591014140ec9') in 0.013288 seconds 
========================================================================
Received Import Request.
  Time since last request: 0.000016 seconds.
  path: Assets/SimpleTraffic/NavSectionPrefabs/Track_Station.prefab
  artifactKey: Guid(dc4f70f9d7d75438c879f3001c70bbe9) Importer(815301076,1909f56bfc062723c751e8b465ee728b)
Start importing Assets/SimpleTraffic/NavSectionPrefabs/Track_Station.prefab using Guid(dc4f70f9d7d75438c879f3001c70bbe9) Importer(815301076,1909f56bfc062723c751e8b465ee728b)  -> (artifact id: '10bdcc45d255bbed7dcde013f55d18c3') in 0.013121 seconds 
========================================================================
Received Import Request.
  Time since last request: 13.322402 seconds.
  path: Assets/SimpleTraffic/NewSections/Road_StraightCrossing.prefab
  artifactKey: Guid(edfb87efb3723eb46a2bb929873957c0) Importer(815301076,1909f56bfc062723c751e8b465ee728b)
Start importing Assets/SimpleTraffic/NewSections/Road_StraightCrossing.prefab using Guid(edfb87efb3723eb46a2bb929873957c0) Importer(815301076,1909f56bfc062723c751e8b465ee728b)  -> (artifact id: '15adfd9f7a6486d7bc993eff2b3d87a7') in 0.011133 seconds 
========================================================================
Received Import Request.
  Time since last request: 0.000016 seconds.
  path: Assets/SimpleTraffic/NewSections/Road_TrainCrossing.prefab
  artifactKey: Guid(12f5e9b1372ec264aa062adfe5c67a9d) Importer(815301076,1909f56bfc062723c751e8b465ee728b)
Start importing Assets/SimpleTraffic/NewSections/Road_TrainCrossing.prefab using Guid(12f5e9b1372ec264aa062adfe5c67a9d) Importer(815301076,1909f56bfc062723c751e8b465ee728b)  -> (artifact id: '7a40bab0af7e641ca9916a162b4fcf78') in 0.011423 seconds 
========================================================================
Received Import Request.
  Time since last request: 0.000017 seconds.
  path: Assets/SimpleTraffic/NewSections/Track_Corner.prefab
  artifactKey: Guid(68573d545e6d58c4098d9c6d2e84dec5) Importer(815301076,1909f56bfc062723c751e8b465ee728b)
Start importing Assets/SimpleTraffic/NewSections/Track_Corner.prefab using Guid(68573d545e6d58c4098d9c6d2e84dec5) Importer(815301076,1909f56bfc062723c751e8b465ee728b)  -> (artifact id: 'ae8ba1f560dcff61808f5fc5374b1f07') in 0.011514 seconds 
Editor requested this worker to shutdown with reason: Scaling down because of idle timeout
AssetImportWorkerClient::OnTransportError - code=2 error=End of file
AssetImportWorker is now disconnected from the server
Process exiting
Exiting without the bug reporter. Application will terminate with return code 0