Using pre-set license
Built from '2021.2/staging' branch; Version is '2021.2.10f1 (ee872746220e) revision 15632167'; Using compiler version '192829333'; Build Type 'Release'
OS: 'Windows 11  (10.0.22000) 64bit Professional' Language: 'en' Physical Memory: 65423 MB
BatchMode: 1, IsHumanControllingUs: 0, StartBugReporterOnCrash: 0, Is64bit: 1, IsPro: 0

COMMAND LINE ARGUMENTS:
C:\ProgramFiles\Unity Hub\Editor\2021.2.10f1\Editor\Unity.exe
-adb2
-batchMode
-noUpm
-name
AssetImportWorker0
-projectPath
C:/Users/Reg_USER/Documents/projects/code/unity/SimpleTraffic
-logFile
Logs/AssetImportWorker0.log
-srvPort
65005
Successfully changed project path to: C:/Users/Reg_USER/Documents/projects/code/unity/SimpleTraffic
C:/Users/Reg_USER/Documents/projects/code/unity/SimpleTraffic
[UnityMemory] Configuration Parameters - Can be set up in boot.config
    "memorysetup-bucket-allocator-granularity=16"
    "memorysetup-bucket-allocator-bucket-count=8"
    "memorysetup-bucket-allocator-block-size=33554432"
    "memorysetup-bucket-allocator-block-count=8"
    "memorysetup-main-allocator-block-size=16777216"
    "memorysetup-thread-allocator-block-size=16777216"
    "memorysetup-gfx-main-allocator-block-size=16777216"
    "memorysetup-gfx-thread-allocator-block-size=16777216"
    "memorysetup-cache-allocator-block-size=4194304"
    "memorysetup-typetree-allocator-block-size=2097152"
    "memorysetup-profiler-bucket-allocator-granularity=16"
    "memorysetup-profiler-bucket-allocator-bucket-count=8"
    "memorysetup-profiler-bucket-allocator-block-size=33554432"
    "memorysetup-profiler-bucket-allocator-block-count=8"
    "memorysetup-profiler-allocator-block-size=16777216"
    "memorysetup-profiler-editor-allocator-block-size=1048576"
    "memorysetup-temp-allocator-size-main=16777216"
    "memorysetup-job-temp-allocator-block-size=2097152"
    "memorysetup-job-temp-allocator-block-size-background=1048576"
    "memorysetup-job-temp-allocator-reduction-small-platforms=262144"
    "memorysetup-temp-allocator-size-background-worker=32768"
    "memorysetup-temp-allocator-size-job-worker=262144"
    "memorysetup-temp-allocator-size-preload-manager=33554432"
    "memorysetup-temp-allocator-size-nav-mesh-worker=65536"
    "memorysetup-temp-allocator-size-audio-worker=65536"
    "memorysetup-temp-allocator-size-cloud-worker=32768"
    "memorysetup-temp-allocator-size-gi-baking-worker=262144"
    "memorysetup-temp-allocator-size-gfx=262144"
Refreshing native plugins compatible for Editor in 34.03 ms, found 2 plugins.
Preloading 0 native plugins for Editor in 0.00 ms.
Initialize engine version: 2021.2.10f1 (ee872746220e)
[Subsystems] Discovering subsystems at path C:/ProgramFiles/Unity Hub/Editor/2021.2.10f1/Editor/Data/Resources/UnitySubsystems
[Subsystems] Discovering subsystems at path C:/Users/Reg_USER/Documents/projects/code/unity/SimpleTraffic/Assets
GfxDevice: creating device client; threaded=0; jobified=0
Direct3D:
    Version:  Direct3D 11.0 [level 11.1]
    Renderer: NVIDIA GeForce GTX 1080 (ID=0x1b80)
    Vendor:   NVIDIA
    VRAM:     8079 MB
    Driver:   30.0.15.1179
Initialize mono
Mono path[0] = 'C:/ProgramFiles/Unity Hub/Editor/2021.2.10f1/Editor/Data/Managed'
Mono path[1] = 'C:/ProgramFiles/Unity Hub/Editor/2021.2.10f1/Editor/Data/MonoBleedingEdge/lib/mono/unityjit-win32'
Mono config path = 'C:/ProgramFiles/Unity Hub/Editor/2021.2.10f1/Editor/Data/MonoBleedingEdge/etc'
Using monoOptions --debugger-agent=transport=dt_socket,embedding=1,server=y,suspend=n,address=127.0.0.1:56048
Begin MonoManager ReloadAssembly
Registering precompiled unity dll's ...
Register platform support module: C:/ProgramFiles/Unity Hub/Editor/2021.2.10f1/Editor/Data/PlaybackEngines/WebGLSupport/UnityEditor.WebGL.Extensions.dll
Register platform support module: C:/ProgramFiles/Unity Hub/Editor/2021.2.10f1/Editor/Data/PlaybackEngines/MacStandaloneSupport/UnityEditor.OSXStandalone.Extensions.dll
Register platform support module: C:/ProgramFiles/Unity Hub/Editor/2021.2.10f1/Editor/Data/PlaybackEngines/WindowsStandaloneSupport/UnityEditor.WindowsStandalone.Extensions.dll
Register platform support module: C:/ProgramFiles/Unity Hub/Editor/2021.2.10f1/Editor/Data/PlaybackEngines/LinuxStandaloneSupport/UnityEditor.LinuxStandalone.Extensions.dll
Registered in 0.004094 seconds.
Native extension for LinuxStandalone target not found
Native extension for WindowsStandalone target not found
Native extension for OSXStandalone target not found
Native extension for WebGL target not found
Refreshing native plugins compatible for Editor in 30.29 ms, found 2 plugins.
Preloading 0 native plugins for Editor in 0.00 ms.
Mono: successfully reloaded assembly
- Completed reload, in  0.385 seconds
Domain Reload Profiling:
	ReloadAssembly (385ms)
		BeginReloadAssembly (46ms)
			ExecutionOrderSort (0ms)
			DisableScriptedObjects (0ms)
			BackupInstance (0ms)
			ReleaseScriptingObjects (0ms)
			CreateAndSetChildDomain (1ms)
		EndReloadAssembly (286ms)
			LoadAssemblies (45ms)
			RebuildTransferFunctionScriptingTraits (0ms)
			SetupTypeCache (66ms)
			ReleaseScriptCaches (0ms)
			RebuildScriptCaches (19ms)
			SetupLoadedEditorAssemblies (166ms)
				LogAssemblyErrors (0ms)
				InitializePlatformSupportModulesInManaged (15ms)
				SetLoadedEditorAssemblies (0ms)
				RefreshPlugins (30ms)
				BeforeProcessingInitializeOnLoad (1ms)
				ProcessInitializeOnLoadAttributes (90ms)
				ProcessInitializeOnLoadMethodAttributes (30ms)
				AfterProcessingInitializeOnLoad (0ms)
				EditorAssembliesLoaded (0ms)
			ExecutionOrderSort2 (0ms)
			AwakeInstancesAfterBackupRestoration (0ms)
Platform modules already initialized, skipping
Registering precompiled user dll's ...
Registered in 0.002373 seconds.
Begin MonoManager ReloadAssembly
Native extension for LinuxStandalone target not found
Native extension for WindowsStandalone target not found
Native extension for OSXStandalone target not found
Native extension for WebGL target not found
Refreshing native plugins compatible for Editor in 0.59 ms, found 2 plugins.
Preloading 0 native plugins for Editor in 0.00 ms.
Package Manager log level set to [2]
Mono: successfully reloaded assembly
- Completed reload, in  0.654 seconds
Domain Reload Profiling:
	ReloadAssembly (655ms)
		BeginReloadAssembly (82ms)
			ExecutionOrderSort (0ms)
			DisableScriptedObjects (4ms)
			BackupInstance (0ms)
			ReleaseScriptingObjects (0ms)
			CreateAndSetChildDomain (18ms)
		EndReloadAssembly (505ms)
			LoadAssemblies (56ms)
			RebuildTransferFunctionScriptingTraits (0ms)
			SetupTypeCache (108ms)
			ReleaseScriptCaches (0ms)
			RebuildScriptCaches (29ms)
			SetupLoadedEditorAssemblies (283ms)
				LogAssemblyErrors (0ms)
				InitializePlatformSupportModulesInManaged (12ms)
				SetLoadedEditorAssemblies (0ms)
				RefreshPlugins (1ms)
				BeforeProcessingInitializeOnLoad (46ms)
				ProcessInitializeOnLoadAttributes (138ms)
				ProcessInitializeOnLoadMethodAttributes (82ms)
				AfterProcessingInitializeOnLoad (4ms)
				EditorAssembliesLoaded (0ms)
			ExecutionOrderSort2 (0ms)
			AwakeInstancesAfterBackupRestoration (4ms)
Platform modules already initialized, skipping
========================================================================
Worker process is ready to serve import requests
Launched and connected shader compiler UnityShaderCompiler.exe after 0.04 seconds
Refreshing native plugins compatible for Editor in 0.65 ms, found 2 plugins.
Preloading 0 native plugins for Editor in 0.00 ms.
Unloading 2203 Unused Serialized files (Serialized files now loaded: 0)
Unloading 55 unused Assets / (56.6 KB). Loaded Objects now: 2642.
Memory consumption went from 86.6 MB to 86.5 MB.
Total: 5.074100 ms (FindLiveObjects: 0.171100 ms CreateObjectMapping: 0.060000 ms MarkObjects: 4.765800 ms  DeleteObjects: 0.076200 ms)

AssetImportParameters requested are different than current active one (requested -> active):
  custom:video-decoder-ogg-theora: a1e56fd34408186e4bbccfd4996cb3dc -> 
  custom:container-muxer-webm: aa71ff27fc2769a1b78a27578f13a17b -> 
  custom:container-demuxer-webm: 4f35f7cbe854078d1ac9338744f61a02 -> 
  custom:video-encoder-webm-vp8: eb34c28f22e8b96e1ab97ce403110664 -> 
  custom:audio-encoder-webm-vorbis: bf7c407c2cedff20999df2af8eb42d56 -> 
  custom:framework-win-MediaFoundation: 216162199b28c13a410421893ffa2e32 -> 
  custom:container-demuxer-ogg: 62fdf1f143b41e24485cea50d1cbac27 -> 
  custom:video-decoder-webm-vp8: 9c59270c3fd7afecdb556c50c9e8de78 -> 
  custom:audio-decoder-ogg-vorbis: bf7c407c2cedff20999df2af8eb42d56 -> 
========================================================================
Received Import Request.
  Time since last request: 688386.441339 seconds.
  path: Assets/Demo
  artifactKey: Guid(38d91f4a37c6feb45a937c8c818cddcc) Importer(815301076,1909f56bfc062723c751e8b465ee728b)
Start importing Assets/Demo using Guid(38d91f4a37c6feb45a937c8c818cddcc) Importer(815301076,1909f56bfc062723c751e8b465ee728b)  -> (artifact id: 'd060b6d52d4b836d7793ee40486cb102') in 0.009437 seconds 
========================================================================
Received Prepare
Registering precompiled user dll's ...
Registered in 0.002129 seconds.
Begin MonoManager ReloadAssembly
Native extension for LinuxStandalone target not found
Native extension for WindowsStandalone target not found
Native extension for OSXStandalone target not found
Native extension for WebGL target not found
Refreshing native plugins compatible for Editor in 0.64 ms, found 2 plugins.
Preloading 0 native plugins for Editor in 0.00 ms.
Mono: successfully reloaded assembly
- Completed reload, in  0.659 seconds
Domain Reload Profiling:
	ReloadAssembly (659ms)
		BeginReloadAssembly (97ms)
			ExecutionOrderSort (0ms)
			DisableScriptedObjects (5ms)
			BackupInstance (0ms)
			ReleaseScriptingObjects (0ms)
			CreateAndSetChildDomain (29ms)
		EndReloadAssembly (496ms)
			LoadAssemblies (49ms)
			RebuildTransferFunctionScriptingTraits (0ms)
			SetupTypeCache (108ms)
			ReleaseScriptCaches (1ms)
			RebuildScriptCaches (32ms)
			SetupLoadedEditorAssemblies (275ms)
				LogAssemblyErrors (0ms)
				InitializePlatformSupportModulesInManaged (12ms)
				SetLoadedEditorAssemblies (0ms)
				RefreshPlugins (1ms)
				BeforeProcessingInitializeOnLoad (39ms)
				ProcessInitializeOnLoadAttributes (132ms)
				ProcessInitializeOnLoadMethodAttributes (82ms)
				AfterProcessingInitializeOnLoad (8ms)
				EditorAssembliesLoaded (0ms)
			ExecutionOrderSort2 (0ms)
			AwakeInstancesAfterBackupRestoration (5ms)
Platform modules already initialized, skipping
Refreshing native plugins compatible for Editor in 0.36 ms, found 2 plugins.
Preloading 0 native plugins for Editor in 0.00 ms.
Unloading 2195 Unused Serialized files (Serialized files now loaded: 0)
Unloading 46 unused Assets / (25.6 KB). Loaded Objects now: 2645.
Memory consumption went from 86.3 MB to 86.3 MB.
Total: 4.911100 ms (FindLiveObjects: 0.176500 ms CreateObjectMapping: 0.045800 ms MarkObjects: 4.655100 ms  DeleteObjects: 0.032800 ms)

AssetImportParameters requested are different than current active one (requested -> active):
  custom:video-decoder-ogg-theora: a1e56fd34408186e4bbccfd4996cb3dc -> 
  custom:container-muxer-webm: aa71ff27fc2769a1b78a27578f13a17b -> 
  custom:container-demuxer-webm: 4f35f7cbe854078d1ac9338744f61a02 -> 
  custom:video-encoder-webm-vp8: eb34c28f22e8b96e1ab97ce403110664 -> 
  custom:audio-encoder-webm-vorbis: bf7c407c2cedff20999df2af8eb42d56 -> 
  custom:framework-win-MediaFoundation: 216162199b28c13a410421893ffa2e32 -> 
  custom:container-demuxer-ogg: 62fdf1f143b41e24485cea50d1cbac27 -> 
  custom:video-decoder-webm-vp8: 9c59270c3fd7afecdb556c50c9e8de78 -> 
  custom:audio-decoder-ogg-vorbis: bf7c407c2cedff20999df2af8eb42d56 -> 
========================================================================
Received Import Request.
  Time since last request: 255.173432 seconds.
  path: Assets/Demo/Materials
  artifactKey: Guid(778c2dd3c5c1648789d2535c494e4b46) Importer(815301076,1909f56bfc062723c751e8b465ee728b)
Start importing Assets/Demo/Materials using Guid(778c2dd3c5c1648789d2535c494e4b46) Importer(815301076,1909f56bfc062723c751e8b465ee728b)  -> (artifact id: 'ef44181131f64beb91a2aeb099a1b646') in 0.009654 seconds 
========================================================================
Received Import Request.
  Time since last request: 0.150417 seconds.
  path: Assets/Demo/Materials/DevTexture_Grey01.mat
  artifactKey: Guid(e4094ea99d0834a10bb90fa19290e521) Importer(815301076,1909f56bfc062723c751e8b465ee728b)
Start importing Assets/Demo/Materials/DevTexture_Grey01.mat using Guid(e4094ea99d0834a10bb90fa19290e521) Importer(815301076,1909f56bfc062723c751e8b465ee728b)  -> (artifact id: 'fc1fc623c990127f77138a5d81bd85da') in 0.077676 seconds 
========================================================================
Received Import Request.
  Time since last request: 0.000013 seconds.
  path: Assets/Demo/Materials/FlatColor_White.mat
  artifactKey: Guid(b4cbfcd69b98841df961bd455c10d6f8) Importer(815301076,1909f56bfc062723c751e8b465ee728b)
Start importing Assets/Demo/Materials/FlatColor_White.mat using Guid(b4cbfcd69b98841df961bd455c10d6f8) Importer(815301076,1909f56bfc062723c751e8b465ee728b)  -> (artifact id: '4b18f87dc557093251a0137eb7be162b') in 0.011519 seconds 
========================================================================
Received Import Request.
  Time since last request: 0.000014 seconds.
  path: Assets/Demo/Materials/DevTexture_Grey03.mat
  artifactKey: Guid(606a134b00f3e45ec8db1bd4b458b349) Importer(815301076,1909f56bfc062723c751e8b465ee728b)
Start importing Assets/Demo/Materials/DevTexture_Grey03.mat using Guid(606a134b00f3e45ec8db1bd4b458b349) Importer(815301076,1909f56bfc062723c751e8b465ee728b)  -> (artifact id: '20e685160d590616d8e8eaa684a60d65') in 0.013126 seconds 
========================================================================
Received Import Request.
  Time since last request: 0.000014 seconds.
  path: Assets/Demo/Materials/DevTexture_Orange00.mat
  artifactKey: Guid(4c0df8aa25099409eabdd4801f63d5cd) Importer(815301076,1909f56bfc062723c751e8b465ee728b)
Start importing Assets/Demo/Materials/DevTexture_Orange00.mat using Guid(4c0df8aa25099409eabdd4801f63d5cd) Importer(815301076,1909f56bfc062723c751e8b465ee728b)  -> (artifact id: '221bf56842efd3db838ae0449e207f6f') in 0.015232 seconds 
========================================================================
Received Import Request.
  Time since last request: 1.914223 seconds.
  path: Assets/Demo/Textures
  artifactKey: Guid(2e17af528fcdd49618c865583624b05e) Importer(815301076,1909f56bfc062723c751e8b465ee728b)
Start importing Assets/Demo/Textures using Guid(2e17af528fcdd49618c865583624b05e) Importer(815301076,1909f56bfc062723c751e8b465ee728b)  -> (artifact id: 'd82e9f2f3df1a8d85d112c51174cd31a') in 0.006411 seconds 
========================================================================
Received Import Request.
  Time since last request: 1.201518 seconds.
  path: Assets/Demo/Textures/DevTexture_Grey02.png
  artifactKey: Guid(d7a5f1c4ae2934568ab30f8c28d20bc6) Importer(815301076,1909f56bfc062723c751e8b465ee728b)
Start importing Assets/Demo/Textures/DevTexture_Grey02.png using Guid(d7a5f1c4ae2934568ab30f8c28d20bc6) Importer(815301076,1909f56bfc062723c751e8b465ee728b)  -> (artifact id: 'b07be3f2b06ecc8d05569873fb7d1f78') in 0.014990 seconds 
========================================================================
Received Import Request.
  Time since last request: 0.000015 seconds.
  path: Assets/Demo/Textures/DevTexture_Orange00.png
  artifactKey: Guid(c64f077933b3f4666929ece4d753dd50) Importer(815301076,1909f56bfc062723c751e8b465ee728b)
Start importing Assets/Demo/Textures/DevTexture_Orange00.png using Guid(c64f077933b3f4666929ece4d753dd50) Importer(815301076,1909f56bfc062723c751e8b465ee728b)  -> (artifact id: 'c808a83bf856797ef54a95d61e98a75a') in 0.007840 seconds 
========================================================================
Received Import Request.
  Time since last request: 10.421656 seconds.
  path: Assets/SimpleTraffic/AgentPrefabs/Pedestrian.prefab
  artifactKey: Guid(13e94d706a97743bca48ccf3d1ac0d6c) Importer(815301076,1909f56bfc062723c751e8b465ee728b)
Start importing Assets/SimpleTraffic/AgentPrefabs/Pedestrian.prefab using Guid(13e94d706a97743bca48ccf3d1ac0d6c) Importer(815301076,1909f56bfc062723c751e8b465ee728b)  -> (artifact id: '1fb5230fd011b7bdda94ec26bc5cb20b') in 0.021224 seconds 
========================================================================
Received Import Request.
  Time since last request: 0.000013 seconds.
  path: Assets/SimpleTraffic/AgentPrefabs/TrainCarriage.prefab
  artifactKey: Guid(e25b77a78554a41a3820602008efe36b) Importer(815301076,1909f56bfc062723c751e8b465ee728b)
Start importing Assets/SimpleTraffic/AgentPrefabs/TrainCarriage.prefab using Guid(e25b77a78554a41a3820602008efe36b) Importer(815301076,1909f56bfc062723c751e8b465ee728b)  -> (artifact id: 'fcb6d73afeda900c78799bba141ead6e') in 0.015814 seconds 
========================================================================
Received Import Request.
  Time since last request: 2.147811 seconds.
  path: Assets/SimpleTraffic/NavSectionPrefabs/Road_Crossroad.prefab
  artifactKey: Guid(549514ad6753145a09f1ead1e306524c) Importer(815301076,1909f56bfc062723c751e8b465ee728b)
Start importing Assets/SimpleTraffic/NavSectionPrefabs/Road_Crossroad.prefab using Guid(549514ad6753145a09f1ead1e306524c) Importer(815301076,1909f56bfc062723c751e8b465ee728b)  -> (artifact id: 'fc5ab54c08ee190e885c9dae01ef2998') in 0.039918 seconds 
========================================================================
Received Import Request.
  Time since last request: 0.000014 seconds.
  path: Assets/SimpleTraffic/NavSectionPrefabs/Road_StraightCrossing.prefab
  artifactKey: Guid(b18d779e67dce46efa9ff9d4f611d113) Importer(815301076,1909f56bfc062723c751e8b465ee728b)
Start importing Assets/SimpleTraffic/NavSectionPrefabs/Road_StraightCrossing.prefab using Guid(b18d779e67dce46efa9ff9d4f611d113) Importer(815301076,1909f56bfc062723c751e8b465ee728b)  -> (artifact id: 'c2e3d4ecd0c09751ce9212a4a50ed5a4') in 0.014169 seconds 
========================================================================
Received Import Request.
  Time since last request: 13.327237 seconds.
  path: Assets/SimpleTraffic/NewSections/Road_Straight.prefab
  artifactKey: Guid(96b38b8f3be3cad4394dbebee93e95df) Importer(815301076,1909f56bfc062723c751e8b465ee728b)
Start importing Assets/SimpleTraffic/NewSections/Road_Straight.prefab using Guid(96b38b8f3be3cad4394dbebee93e95df) Importer(815301076,1909f56bfc062723c751e8b465ee728b)  -> (artifact id: '52370cb40c07f1aae3912c32188f2dd7') in 0.009223 seconds 
========================================================================
Received Import Request.
  Time since last request: 0.000017 seconds.
  path: Assets/SimpleTraffic/NewSections/Road_TJunction.prefab
  artifactKey: Guid(c278c5baa9814bf4d8e7348673d833f2) Importer(815301076,1909f56bfc062723c751e8b465ee728b)
Start importing Assets/SimpleTraffic/NewSections/Road_TJunction.prefab using Guid(c278c5baa9814bf4d8e7348673d833f2) Importer(815301076,1909f56bfc062723c751e8b465ee728b)  -> (artifact id: '635709c7a25498484ab262304004887d') in 0.013159 seconds 
========================================================================
Received Import Request.
  Time since last request: 0.000017 seconds.
  path: Assets/SimpleTraffic/NewSections/Track_Station.prefab
  artifactKey: Guid(813049eacef2c0a4caf488ff28009a08) Importer(815301076,1909f56bfc062723c751e8b465ee728b)
Start importing Assets/SimpleTraffic/NewSections/Track_Station.prefab using Guid(813049eacef2c0a4caf488ff28009a08) Importer(815301076,1909f56bfc062723c751e8b465ee728b)  -> (artifact id: 'e147b4cbec40bbe373c5abc156f0464d') in 0.010778 seconds 
Editor requested this worker to shutdown with reason: Scaling down because of idle timeout
AssetImportWorker is now disconnected from the server
Process exiting
Exiting without the bug reporter. Application will terminate with return code 0